viewport 320x568 http://localhost:3000/ranking/o/e724de97-3552-4a01-a269-f621e6f1ed26/varonil
chip 0 rows=0 podio=0 total‚Čą0 empty=1
chip 1 rows=0 podio=0 total‚Čą0 empty=1
chip 2 rows=0 podio=0 total‚Čą0 empty=1
chip 3 rows=0 podio=0 total‚Čą0 empty=1
chip 4 rows=0 podio=0 total‚Čą0 empty=0
chip 5 rows=0 podio=0 total‚Čą0 empty=0
chip 6 rows=1 podio=3 total‚Čą4 empty=0
{"label":"320x568","brand":"riviera","overflowX":false,"scrollWidth":320,"clientWidth":320,"firstViewportChildApprox":134,"tabs":[{"h":44,"text":"Varonil"},{"h":44,"text":"Femenil"}],"chips":[44,44,44],"order":[true,true,true,true,true,true],"podioSlots":3,"rows":1}
viewport 375x667 http://localhost:3000/ranking/o/e724de97-3552-4a01-a269-f621e6f1ed26/varonil
chip 0 rows=0 podio=0 total‚Čą0 empty=1
chip 1 rows=0 podio=0 total‚Čą0 empty=1
chip 2 rows=0 podio=0 total‚Čą0 empty=1
chip 3 rows=0 podio=0 total‚Čą0 empty=1
chip 4 rows=0 podio=0 total‚Čą0 empty=0
chip 5 rows=0 podio=0 total‚Čą0 empty=0
chip 6 rows=1 podio=3 total‚Čą4 empty=0
{"label":"375x667","brand":"riviera","overflowX":false,"scrollWidth":375,"clientWidth":375,"firstViewportChildApprox":134,"tabs":[{"h":44,"text":"Varonil"},{"h":44,"text":"Femenil"}],"chips":[44,44,44],"order":[true,true,true,true,true,true],"podioSlots":3,"rows":1}
viewport 390x844 http://localhost:3000/ranking/o/e724de97-3552-4a01-a269-f621e6f1ed26/varonil
chip 0 rows=0 podio=0 total‚Čą0 empty=1
chip 1 rows=0 podio=0 total‚Čą0 empty=1
chip 2 rows=0 podio=0 total‚Čą0 empty=1
chip 3 rows=0 podio=0 total‚Čą0 empty=1
chip 4 rows=0 podio=0 total‚Čą0 empty=0
chip 5 rows=0 podio=0 total‚Čą0 empty=0
chip 6 rows=1 podio=3 total‚Čą4 empty=0
{"label":"390x844","brand":"riviera","overflowX":false,"scrollWidth":390,"clientWidth":390,"firstViewportChildApprox":134,"tabs":[{"h":44,"text":"Varonil"},{"h":44,"text":"Femenil"}],"chips":[44,44,44],"order":[true,true,true,true,true,true],"podioSlots":3,"rows":1}
viewport 430x932 http://localhost:3000/ranking/o/e724de97-3552-4a01-a269-f621e6f1ed26/varonil
chip 0 rows=0 podio=0 total‚Čą0 empty=1
chip 1 rows=0 podio=0 total‚Čą0 empty=1
chip 2 rows=0 podio=0 total‚Čą0 empty=1
chip 3 rows=0 podio=0 total‚Čą0 empty=1
chip 4 rows=0 podio=0 total‚Čą0 empty=0
chip 5 rows=0 podio=0 total‚Čą0 empty=0
chip 6 rows=1 podio=3 total‚Čą4 empty=0
{"label":"430x932","brand":"riviera","overflowX":false,"scrollWidth":430,"clientWidth":430,"firstViewportChildApprox":134,"tabs":[{"h":44,"text":"Varonil"},{"h":44,"text":"Femenil"}],"chips":[44,44,44],"order":[true,true,true,true,true,true],"podioSlots":3,"rows":1}
viewport 768x1024 http://localhost:3000/ranking/o/e724de97-3552-4a01-a269-f621e6f1ed26/varonil
chip 0 rows=0 podio=0 total‚Čą0 empty=1
chip 1 rows=0 podio=0 total‚Čą0 empty=1
chip 2 rows=0 podio=0 total‚Čą0 empty=1
chip 3 rows=0 podio=0 total‚Čą0 empty=1
chip 4 rows=0 podio=0 total‚Čą0 empty=0
chip 5 rows=0 podio=0 total‚Čą0 empty=0
chip 6 rows=1 podio=3 total‚Čą4 empty=0
{"label":"768x1024","brand":"riviera","overflowX":false,"scrollWidth":768,"clientWidth":768,"firstViewportChildApprox":143,"tabs":[{"h":44,"text":"Varonil"},{"h":44,"text":"Femenil"}],"chips":[44,44,44],"order":[true,true,true,true,true,true],"podioSlots":3,"rows":1}
viewport 1024x768 http://localhost:3000/ranking/o/e724de97-3552-4a01-a269-f621e6f1ed26/varonil
chip 0 rows=0 podio=0 total‚Čą0 empty=1
chip 1 rows=0 podio=0 total‚Čą0 empty=1
chip 2 rows=0 podio=0 total‚Čą0 empty=1
chip 3 rows=0 podio=0 total‚Čą0 empty=1
chip 4 rows=0 podio=0 total‚Čą0 empty=0
chip 5 rows=0 podio=0 total‚Čą0 empty=0
chip 6 rows=1 podio=3 total‚Čą4 empty=0
{"label":"1024x768","brand":"riviera","overflowX":false,"scrollWidth":1024,"clientWidth":1024,"firstViewportChildApprox":110,"tabs":[{"h":44,"text":"Varonil"},{"h":44,"text":"Femenil"}],"chips":[44,44,44],"order":[true,true,true,true,true,true],"podioSlots":3,"rows":1}
viewport 1280x800 http://localhost:3000/ranking/o/e724de97-3552-4a01-a269-f621e6f1ed26/varonil
chip 0 rows=0 podio=0 total‚Čą0 empty=1
chip 1 rows=0 podio=0 total‚Čą0 empty=1
chip 2 rows=0 podio=0 total‚Čą0 empty=1
chip 3 rows=0 podio=0 total‚Čą0 empty=1
chip 4 rows=0 podio=0 total‚Čą0 empty=0
chip 5 rows=0 podio=0 total‚Čą0 empty=0
chip 6 rows=1 podio=3 total‚Čą4 empty=0
{"label":"1280x800","brand":"riviera","overflowX":false,"scrollWidth":1280,"clientWidth":1280,"firstViewportChildApprox":110,"tabs":[{"h":44,"text":"Varonil"},{"h":44,"text":"Femenil"}],"chips":[44,44,44],"order":[true,true,true,true,true,true],"podioSlots":3,"rows":1}
viewport 1440x900 http://localhost:3000/ranking/o/e724de97-3552-4a01-a269-f621e6f1ed26/varonil
chip 0 rows=0 podio=0 total‚Čą0 empty=1
chip 1 rows=0 podio=0 total‚Čą0 empty=1
chip 2 rows=0 podio=0 total‚Čą0 empty=1
chip 3 rows=0 podio=0 total‚Čą0 empty=1
chip 4 rows=0 podio=0 total‚Čą0 empty=0
chip 5 rows=0 podio=0 total‚Čą0 empty=0
chip 6 rows=1 podio=3 total‚Čą4 empty=0
{"label":"1440x900","brand":"riviera","overflowX":false,"scrollWidth":1440,"clientWidth":1440,"firstViewportChildApprox":110,"tabs":[{"h":44,"text":"Varonil"},{"h":44,"text":"Femenil"}],"chips":[44,44,44],"order":[true,true,true,true,true,true],"podioSlots":3,"rows":1}
captured empty
slow3g {"brand":"riviera","hasRivieraWord":false,"heroText":"Ranking internoRanking de jugadoresVaronil¬∑Open¬∑Hackpadel0 jugadores"}
done
